<?xml version="1.0" encoding="UTF-8"?>
<!-- Generated by org.testng.reporters.JUnitReportReporter -->
<testsuite skipped="0" hostname="AXIKA" name="com.nopcommerce.demo.AppTest" tests="1" failures="0" timestamp="2023-05-09T19:03:04 BST" time="0.003" errors="0">
  <testcase name="testApp" time="0.003" classname="com.nopcommerce.demo.AppTest"/>
  <system-out/>
</testsuite> <!-- com.nopcommerce.demo.AppTest -->
